<?xml version="1.0" encoding="UTF-8"?>
<testng-results skipped="0" failed="1" ignored="0" total="1" passed="0">
  <reporter-output>
  </reporter-output>
  <suite name="Default suite" duration-ms="58" started-at="2020-09-02T11:42:27 EDT" finished-at="2020-09-02T11:42:27 EDT">
    <groups>
      <group name="Login">
        <method signature="SampleTests.loginWithValidUsernameBlankPassword(java.lang.String)[pri:0, instance:techCircle_OrangeHRM.tests.SampleTests@5dcb4f5f]" name="loginWithValidUsernameBlankPassword" class="techCircle_OrangeHRM.tests.SampleTests"/>
      </group> <!-- Login -->
    </groups>
    <test name="Default test" duration-ms="58" started-at="2020-09-02T11:42:27 EDT" finished-at="2020-09-02T11:42:27 EDT">
      <class name="techCircle_OrangeHRM.tests.SampleTests">
        <test-method status="PASS" signature="beforeTest()[pri:0, instance:techCircle_OrangeHRM.tests.SampleTests@5dcb4f5f]" name="beforeTest" is-config="true" duration-ms="10" started-at="2020-09-02T11:42:27 EDT" finished-at="2020-09-02T11:42:27 EDT">
          <reporter-output>
          </reporter-output>
        </test-method> <!-- beforeTest -->
        <test-method status="FAIL" signature="loginWithValidUsernameBlankPassword(java.lang.String)[pri:0, instance:techCircle_OrangeHRM.tests.SampleTests@5dcb4f5f]" name="loginWithValidUsernameBlankPassword" duration-ms="0" started-at="2020-09-02T11:42:27 EDT" finished-at="2020-09-02T11:42:27 EDT">
          <exception class="org.testng.TestNGException">
            <message>
              <![CDATA[
Parameter 'blankPassword' is required by @Test on method loginWithValidUsernameBlankPassword but has not been marked @Optional or defined
in /private/var/folders/kz/6s87tp717sl_6sm1pflpws6m0000gn/T/testng-eclipse--592502983/testng-customsuite.xml]]>
            </message>
            <full-stacktrace>
              <![CDATA[org.testng.TestNGException: 
Parameter 'blankPassword' is required by @Test on method loginWithValidUsernameBlankPassword but has not been marked @Optional or defined
in /private/var/folders/kz/6s87tp717sl_6sm1pflpws6m0000gn/T/testng-eclipse--592502983/testng-customsuite.xml
at org.testng.internal.Parameters.createParams(Parameters.java:268)
at org.testng.internal.Parameters.createParametersForMethod(Parameters.java:356)
at org.testng.internal.Parameters.createParameters(Parameters.java:700)
at org.testng.internal.Parameters.handleParameters(Parameters.java:875)
at org.testng.internal.Parameters.handleParameters(Parameters.java:740)
at org.testng.internal.ParameterHandler.handleParameters(ParameterHandler.java:59)
at org.testng.internal.ParameterHandler.createParameters(ParameterHandler.java:38)
at org.testng.internal.TestInvoker$MethodInvocationAgent.invoke(TestInvoker.java:789)
at org.testng.internal.TestInvoker.invokeTestMethods(TestInvoker.java:147)
at org.testng.internal.TestMethodWorker.invokeTestMethods(TestMethodWorker.java:146)
at org.testng.internal.TestMethodWorker.run(TestMethodWorker.java:128)
at java.util.ArrayList.forEach(ArrayList.java:1257)
at org.testng.TestRunner.privateRun(TestRunner.java:764)
at org.testng.TestRunner.run(TestRunner.java:585)
at org.testng.SuiteRunner.runTest(SuiteRunner.java:384)
at org.testng.SuiteRunner.runSequentially(SuiteRunner.java:378)
at org.testng.SuiteRunner.privateRun(SuiteRunner.java:337)
at org.testng.SuiteRunner.run(SuiteRunner.java:286)
at org.testng.SuiteRunnerWorker.runSuite(SuiteRunnerWorker.java:53)
at org.testng.SuiteRunnerWorker.run(SuiteRunnerWorker.java:96)
at org.testng.TestNG.runSuitesSequentially(TestNG.java:1218)
at org.testng.TestNG.runSuitesLocally(TestNG.java:1140)
at org.testng.TestNG.runSuites(TestNG.java:1069)
at org.testng.TestNG.run(TestNG.java:1037)
at org.testng.remote.AbstractRemoteTestNG.run(AbstractRemoteTestNG.java:115)
at org.testng.remote.RemoteTestNG.initAndRun(RemoteTestNG.java:251)
at org.testng.remote.RemoteTestNG.main(RemoteTestNG.java:77)
]]>
            </full-stacktrace>
          </exception> <!-- org.testng.TestNGException -->
          <reporter-output>
          </reporter-output>
        </test-method> <!-- loginWithValidUsernameBlankPassword -->
        <test-method status="PASS" signature="afterTest()[pri:0, instance:techCircle_OrangeHRM.tests.SampleTests@5dcb4f5f]" name="afterTest" is-config="true" duration-ms="1" started-at="2020-09-02T11:42:27 EDT" finished-at="2020-09-02T11:42:27 EDT">
          <reporter-output>
          </reporter-output>
        </test-method> <!-- afterTest -->
      </class> <!-- techCircle_OrangeHRM.tests.SampleTests -->
    </test> <!-- Default test -->
  </suite> <!-- Default suite -->
</testng-results>
